<?xml version="1.0" encoding="UTF-8"?>
<!-- Generated by org.testng.reporters.JUnitXMLReporter -->
<testsuite ignored="0" hostname="DESKTOP-F2FBM12" failures="0" tests="5" name="Default test" time="11.483" errors="0" timestamp="2025-11-06T10:01:18 IST">
  <testcase classname="testCases.Login" name="tc_lf_001" time="0.758"/>
  <testcase classname="testCases.Login" name="tc_lf_002" time="0.71"/>
  <testcase classname="testCases.Login" name="tc_lf_001HDD" time="0.149"/>
  <testcase classname="testCases.Login" name="tc_lf_001HDD" time="0.162"/>
  <testcase classname="testCases.Login" name="tc_lf_001HDD" time="0.159"/>
</testsuite> <!-- Default test -->
