<?xml version="1.0" encoding="UTF-8"?>
<!-- Generated by org.testng.reporters.JUnitXMLReporter -->
<testsuite ignored="0" hostname="DESKTOP-F2FBM12" failures="1" tests="5" name="Test" time="10.981" errors="0" timestamp="2025-11-06T10:47:30 IST">
  <testcase classname="testCases.Login" name="tc_lf_001" time="0.085">
    <failure type="java.lang.IllegalArgumentException" message="Keys to send should be a not null CharSequence">
      <![CDATA[java.lang.IllegalArgumentException: Keys to send should be a not null CharSequence
at org.openqa.selenium.remote.RemoteWebElement.sendKeys(RemoteWebElement.java:96)
at org.openqa.selenium.support.pagefactory.internal.LocatingElementHandler.invoke(LocatingElementHandler.java:51)
at jdk.proxy2/jdk.proxy2.$Proxy15.sendKeys(Unknown Source)
at pages.LoginPage.enterCredentialsAndLogin(LoginPage.java:31)
at testCases.Login.tc_lf_001(Login.java:31)
at java.base/java.util.ArrayList.forEach(ArrayList.java:1596)
... Removed 27 stack frames]]>
    </failure>
  </testcase> <!-- tc_lf_001 -->
  <testcase classname="testCases.Login" name="tc_lf_002" time="0.718"/>
  <testcase classname="testCases.Login" name="tc_lf_001HDD" time="0.167"/>
  <testcase classname="testCases.Login" name="tc_lf_001HDD" time="0.152"/>
  <testcase classname="testCases.Login" name="tc_lf_001HDD" time="0.149"/>
</testsuite> <!-- Test -->
