<?xml version="1.0" encoding="UTF-8"?>
<!-- Generated by org.testng.reporters.JUnitXMLReporter -->
<testsuite ignored="0" hostname="DESKTOP-F2FBM12" failures="0" tests="5" name="Test" time="12.723" errors="0" timestamp="2025-11-06T12:13:26 IST">
  <testcase classname="testCases.Login" name="tc_lf_001" time="0.945"/>
  <testcase classname="testCases.Login" name="tc_lf_002" time="0.704"/>
  <testcase classname="testCases.Login" name="tc_lf_001HDD" time="0.15"/>
  <testcase classname="testCases.Login" name="tc_lf_001HDD" time="0.74"/>
  <testcase classname="testCases.Login" name="tc_lf_001HDD" time="0.144"/>
</testsuite> <!-- Test -->
