<?xml version="1.0" encoding="UTF-8"?>
<testng-results ignored="0" total="5" passed="5" failed="0" skipped="0">
  <reporter-output>
  </reporter-output>
  <suite started-at="2025-11-06T12:13:13 IST" name="Suite" finished-at="2025-11-06T12:13:26 IST" duration-ms="12723">
    <groups>
    </groups>
    <test started-at="2025-11-06T12:13:13 IST" name="Test" finished-at="2025-11-06T12:13:26 IST" duration-ms="12723">
      <class name="testCases.Login">
        <test-method is-config="true" signature="setUp()[pri:0, instance:testCases.Login@47d90b9e]" started-at="2025-11-06T12:13:13 IST" name="setUp" finished-at="2025-11-06T12:13:16 IST" duration-ms="2705" status="PASS">
          <reporter-output>
          </reporter-output>
        </test-method> <!-- setUp -->
        <test-method signature="tc_lf_001()[pri:1, instance:testCases.Login@47d90b9e]" started-at="2025-11-06T12:13:16 IST" name="tc_lf_001" finished-at="2025-11-06T12:13:17 IST" duration-ms="945" status="PASS">
          <reporter-output>
          </reporter-output>
        </test-method> <!-- tc_lf_001 -->
        <test-method is-config="true" signature="close()[pri:0, instance:testCases.Login@47d90b9e]" started-at="2025-11-06T12:13:17 IST" name="close" finished-at="2025-11-06T12:13:17 IST" duration-ms="129" status="PASS">
          <reporter-output>
          </reporter-output>
        </test-method> <!-- close -->
        <test-method is-config="true" signature="setUp()[pri:0, instance:testCases.Login@47d90b9e]" started-at="2025-11-06T12:13:17 IST" name="setUp" finished-at="2025-11-06T12:13:19 IST" duration-ms="1538" status="PASS">
          <reporter-output>
          </reporter-output>
        </test-method> <!-- setUp -->
        <test-method signature="tc_lf_002()[pri:2, instance:testCases.Login@47d90b9e]" started-at="2025-11-06T12:13:19 IST" name="tc_lf_002" finished-at="2025-11-06T12:13:20 IST" duration-ms="704" status="PASS">
          <reporter-output>
          </reporter-output>
        </test-method> <!-- tc_lf_002 -->
        <test-method is-config="true" signature="close()[pri:0, instance:testCases.Login@47d90b9e]" started-at="2025-11-06T12:13:20 IST" name="close" finished-at="2025-11-06T12:13:20 IST" duration-ms="105" status="PASS">
          <reporter-output>
          </reporter-output>
        </test-method> <!-- close -->
        <test-method is-config="true" signature="setUp()[pri:0, instance:testCases.Login@47d90b9e]" started-at="2025-11-06T12:13:20 IST" name="setUp" finished-at="2025-11-06T12:13:22 IST" duration-ms="1550" status="PASS">
          <reporter-output>
          </reporter-output>
        </test-method> <!-- setUp -->
        <test-method signature="tc_lf_001HDD(java.lang.String,java.lang.String)[pri:3, instance:testCases.Login@47d90b9e]" started-at="2025-11-06T12:13:22 IST" name="tc_lf_001HDD" data-provider="supplyValidCredentials" finished-at="2025-11-06T12:13:22 IST" duration-ms="150" status="PASS">
          <params>
            <param index="0">
              <value>
                <![CDATA[harioz1515@gmail.com]]>
              </value>
            </param>
            <param index="1">
              <value>
                <![CDATA[12345]]>
              </value>
            </param>
          </params>
          <reporter-output>
          </reporter-output>
        </test-method> <!-- tc_lf_001HDD -->
        <test-method is-config="true" signature="close()[pri:0, instance:testCases.Login@47d90b9e]" started-at="2025-11-06T12:13:22 IST" name="close" finished-at="2025-11-06T12:13:22 IST" duration-ms="112" status="PASS">
          <reporter-output>
          </reporter-output>
        </test-method> <!-- close -->
        <test-method is-config="true" signature="setUp()[pri:0, instance:testCases.Login@47d90b9e]" started-at="2025-11-06T12:13:22 IST" name="setUp" finished-at="2025-11-06T12:13:23 IST" duration-ms="1513" status="PASS">
          <reporter-output>
          </reporter-output>
        </test-method> <!-- setUp -->
        <test-method signature="tc_lf_001HDD(java.lang.String,java.lang.String)[pri:3, instance:testCases.Login@47d90b9e]" started-at="2025-11-06T12:13:23 IST" name="tc_lf_001HDD" data-provider="supplyValidCredentials" finished-at="2025-11-06T12:13:24 IST" duration-ms="740" status="PASS">
          <params>
            <param index="0">
              <value>
                <![CDATA[haribale1515@gmail.com]]>
              </value>
            </param>
            <param index="1">
              <value>
                <![CDATA[12345]]>
              </value>
            </param>
          </params>
          <reporter-output>
          </reporter-output>
        </test-method> <!-- tc_lf_001HDD -->
        <test-method is-config="true" signature="close()[pri:0, instance:testCases.Login@47d90b9e]" started-at="2025-11-06T12:13:24 IST" name="close" finished-at="2025-11-06T12:13:24 IST" duration-ms="113" status="PASS">
          <reporter-output>
          </reporter-output>
        </test-method> <!-- close -->
        <test-method is-config="true" signature="setUp()[pri:0, instance:testCases.Login@47d90b9e]" started-at="2025-11-06T12:13:24 IST" name="setUp" finished-at="2025-11-06T12:13:26 IST" duration-ms="1518" status="PASS">
          <reporter-output>
          </reporter-output>
        </test-method> <!-- setUp -->
        <test-method signature="tc_lf_001HDD(java.lang.String,java.lang.String)[pri:3, instance:testCases.Login@47d90b9e]" started-at="2025-11-06T12:13:26 IST" name="tc_lf_001HDD" data-provider="supplyValidCredentials" finished-at="2025-11-06T12:13:26 IST" duration-ms="144" status="PASS">
          <params>
            <param index="0">
              <value>
                <![CDATA[test1515@gmail.com]]>
              </value>
            </param>
            <param index="1">
              <value>
                <![CDATA[12345]]>
              </value>
            </param>
          </params>
          <reporter-output>
          </reporter-output>
        </test-method> <!-- tc_lf_001HDD -->
        <test-method is-config="true" signature="close()[pri:0, instance:testCases.Login@47d90b9e]" started-at="2025-11-06T12:13:26 IST" name="close" finished-at="2025-11-06T12:13:26 IST" duration-ms="124" status="PASS">
          <reporter-output>
          </reporter-output>
        </test-method> <!-- close -->
      </class> <!-- testCases.Login -->
    </test> <!-- Test -->
  </suite> <!-- Suite -->
</testng-results>
