<?xml version="1.0" encoding="UTF-8"?>
<!-- Generated by org.testng.reporters.JUnitReportReporter -->
<testsuite hostname="DESKTOP-F2FBM12" failures="0" tests="5" name="testCases.Login" time="12.090" errors="0" timestamp="2025-11-06T12:13:26 IST" skipped="0">
  <testcase classname="testCases.Login" name="tc_lf_001" time="2.575"/>
  <testcase classname="testCases.Login" name="tc_lf_002" time="2.378"/>
  <testcase classname="testCases.Login" name="tc_lf_001HDD" time="3.558"/>
  <testcase classname="testCases.Login" name="tc_lf_001HDD" time="1.811"/>
  <testcase classname="testCases.Login" name="tc_lf_001HDD" time="1.768"/>
</testsuite> <!-- testCases.Login -->
